


ARM Macro Assembler    Page 1 


    1 00000000         ;/******************************************************
                       ********************//**
    2 00000000         ; * @file     startup_LPC17xx.s
    3 00000000         ; * @brief    CMSIS Cortex-M3 Core Device Startup File f
                       or
    4 00000000         ; *           NXP LPC17xx Device Series
    5 00000000         ; * @version  V1.10
    6 00000000         ; * @date     06. April 2011
    7 00000000         ; *
    8 00000000         ; * @note
    9 00000000         ; * Copyright (C) 2009-2011 ARM Limited. All rights rese
                       rved.
   10 00000000         ; *
   11 00000000         ; * @par
   12 00000000         ; * ARM Limited (ARM) is supplying this software for use
                        with Cortex-M
   13 00000000         ; * processor based microcontrollers.  This file can be 
                       freely distributed
   14 00000000         ; * within development tools that are supporting such AR
                       M based processors.
   15 00000000         ; *
   16 00000000         ; * @par
   17 00000000         ; * THIS SOFTWARE IS PROVIDED "AS IS".  NO WARRANTIES, W
                       HETHER EXPRESS, IMPLIED
   18 00000000         ; * OR STATUTORY, INCLUDING, BUT NOT LIMITED TO, IMPLIED
                        WARRANTIES OF
   19 00000000         ; * MERCHANTABILITY AND FITNESS FOR A PARTICULAR PURPOSE
                        APPLY TO THIS SOFTWARE.
   20 00000000         ; * ARM SHALL NOT, IN ANY CIRCUMSTANCES, BE LIABLE FOR S
                       PECIAL, INCIDENTAL, OR
   21 00000000         ; * CONSEQUENTIAL DAMAGES, FOR ANY REASON WHATSOEVER.
   22 00000000         ; *
   23 00000000         ; ******************************************************
                       ************************/
   24 00000000         
   25 00000000         ; *------- <<< Use Configuration Wizard in Context Menu 
                       >>> ------------------
   26 00000000         
   27 00000000         ; <h> Stack Configuration
   28 00000000         ;   <o> Stack Size (in Bytes) <0x0-0xFFFFFFFF:8>
   29 00000000         ; </h>
   30 00000000         
   31 00000000 00000200 
                       Stack_Size
                               EQU              0x00000200
   32 00000000         
   33 00000000                 AREA             STACK, NOINIT, READWRITE, ALIGN
=3
   34 00000000         Stack_Mem
                               SPACE            Stack_Size
   35 00000200         __initial_sp
   36 00000200         
   37 00000200         
   38 00000200         ; <h> Heap Configuration
   39 00000200         ;   <o>  Heap Size (in Bytes) <0x0-0xFFFFFFFF:8>
   40 00000200         ; </h>
   41 00000200         
   42 00000200 00000000 
                       Heap_Size



ARM Macro Assembler    Page 2 


                               EQU              0x00000000
   43 00000200         
   44 00000200                 AREA             HEAP, NOINIT, READWRITE, ALIGN=
3
   45 00000000         __heap_base
   46 00000000         Heap_Mem
                               SPACE            Heap_Size
   47 00000000         __heap_limit
   48 00000000         
   49 00000000         
   50 00000000                 PRESERVE8
   51 00000000                 THUMB
   52 00000000         
   53 00000000         
   54 00000000         ; Vector Table Mapped to Address 0 at Reset
   55 00000000         
   56 00000000                 AREA             RESET, DATA, READONLY
   57 00000000                 EXPORT           __Vectors
   58 00000000         
   59 00000000 00000000 
                       __Vectors
                               DCD              __initial_sp ; Top of Stack
   60 00000004 00000000        DCD              Reset_Handler ; Reset Handler
   61 00000008 00000000        DCD              NMI_Handler ; NMI Handler
   62 0000000C 00000000        DCD              HardFault_Handler ; Hard Fault 
                                                            Handler
   63 00000010 00000000        DCD              MemManage_Handler 
                                                            ; MPU Fault Handler
                                                            
   64 00000014 00000000        DCD              BusFault_Handler 
                                                            ; Bus Fault Handler
                                                            
   65 00000018 00000000        DCD              UsageFault_Handler ; Usage Faul
                                                            t Handler
   66 0000001C 00000000        DCD              0           ; Reserved
   67 00000020 00000000        DCD              0           ; Reserved
   68 00000024 00000000        DCD              0           ; Reserved
   69 00000028 00000000        DCD              0           ; Reserved
   70 0000002C 00000000        DCD              SVC_Handler ; SVCall Handler
   71 00000030 00000000        DCD              DebugMon_Handler ; Debug Monito
                                                            r Handler
   72 00000034 00000000        DCD              0           ; Reserved
   73 00000038 00000000        DCD              PendSV_Handler ; PendSV Handler
                                                            
   74 0000003C 00000000        DCD              SysTick_Handler 
                                                            ; SysTick Handler
   75 00000040         
   76 00000040         ; External Interrupts
   77 00000040 00000000        DCD              WDT_IRQHandler ; 16: Watchdog T
                                                            imer
   78 00000044 00000000        DCD              TIMER0_IRQHandler ; 17: Timer0
   79 00000048 00000000        DCD              TIMER1_IRQHandler ; 18: Timer1
   80 0000004C 00000000        DCD              TIMER2_IRQHandler ; 19: Timer2
   81 00000050 00000000        DCD              TIMER3_IRQHandler ; 20: Timer3
   82 00000054 00000000        DCD              UART0_IRQHandler ; 21: UART0
   83 00000058 00000000        DCD              UART1_IRQHandler ; 22: UART1
   84 0000005C 00000000        DCD              UART2_IRQHandler ; 23: UART2
   85 00000060 00000000        DCD              UART3_IRQHandler ; 24: UART3
   86 00000064 00000000        DCD              PWM1_IRQHandler ; 25: PWM1



ARM Macro Assembler    Page 3 


   87 00000068 00000000        DCD              I2C0_IRQHandler ; 26: I2C0
   88 0000006C 00000000        DCD              I2C1_IRQHandler ; 27: I2C1
   89 00000070 00000000        DCD              I2C2_IRQHandler ; 28: I2C2
   90 00000074 00000000        DCD              SPI_IRQHandler ; 29: SPI
   91 00000078 00000000        DCD              SSP0_IRQHandler ; 30: SSP0
   92 0000007C 00000000        DCD              SSP1_IRQHandler ; 31: SSP1
   93 00000080 00000000        DCD              PLL0_IRQHandler ; 32: PLL0 Lock
                                                             (Main PLL)
   94 00000084 00000000        DCD              RTC_IRQHandler ; 33: Real Time 
                                                            Clock
   95 00000088 00000000        DCD              EINT0_IRQHandler ; 34: External
                                                             Interrupt 0
   96 0000008C 00000000        DCD              EINT1_IRQHandler ; 35: External
                                                             Interrupt 1
   97 00000090 00000000        DCD              EINT2_IRQHandler ; 36: External
                                                             Interrupt 2
   98 00000094 00000000        DCD              EINT3_IRQHandler ; 37: External
                                                             Interrupt 3
   99 00000098 00000000        DCD              ADC_IRQHandler 
                                                            ; 38: A/D Converter
                                                            
  100 0000009C 00000000        DCD              BOD_IRQHandler ; 39: Brown-Out 
                                                            Detect
  101 000000A0 00000000        DCD              USB_IRQHandler ; 40: USB
  102 000000A4 00000000        DCD              CAN_IRQHandler ; 41: CAN
  103 000000A8 00000000        DCD              DMA_IRQHandler ; 42: General Pu
                                                            rpose DMA
  104 000000AC 00000000        DCD              I2S_IRQHandler ; 43: I2S
  105 000000B0 00000000        DCD              ENET_IRQHandler ; 44: Ethernet
  106 000000B4 00000000        DCD              RIT_IRQHandler ; 45: Repetitive
                                                             Interrupt Timer
  107 000000B8 00000000        DCD              MCPWM_IRQHandler ; 46: Motor Co
                                                            ntrol PWM
  108 000000BC 00000000        DCD              QEI_IRQHandler ; 47: Quadrature
                                                             Encoder Interface
  109 000000C0 00000000        DCD              PLL1_IRQHandler ; 48: PLL1 Lock
                                                             (USB PLL)
  110 000000C4 00000000        DCD              USBActivity_IRQHandler ; 49: US
                                                            B Activity interrup
                                                            t to wakeup
  111 000000C8 00000000        DCD              CANActivity_IRQHandler ; 50: CA
                                                            N Activity interrup
                                                            t to wakeup
  112 000000CC         
  113 000000CC         
  114 000000CC                 IF               :LNOT::DEF:NO_CRP
  115 000000CC                 AREA             |.ARM.__at_0x02FC|, CODE, READO
NLY
  116 00000000 FFFFFFFF 
                       CRP_Key DCD              0xFFFFFFFF
  117 00000004                 ENDIF
  118 00000004         
  119 00000004         
  120 00000004                 AREA             |.text|, CODE, READONLY
  121 00000000         
  122 00000000         
  123 00000000         ; Reset Handler
  124 00000000         
  125 00000000         Reset_Handler



ARM Macro Assembler    Page 4 


                               PROC
  126 00000000                 EXPORT           Reset_Handler             [WEAK
]
  127 00000000         
  128 00000000         ; ;ESERCIZIO 1
  129 00000000         
  130 00000000         ;    ADDS R2, R0, R1
  131 00000000         ;    SUBS R5, R3, R4
  132 00000000         
  133 00000000         ; ;ESERCIZIO 2.1 
  134 00000000         ;    LDR R2, =0x00001000
  135 00000000         ;    LDR R3, =0x00000100
  136 00000000         ;    CMP R2, R3
  137 00000000         ;    BLT low
  138 00000000         ;    BGT high
  139 00000000         ;    ;BEQ equal
  140 00000000         ;    
  141 00000000         ;equal   LSR R3, R3, #1
  142 00000000         ;    ADD R5, R2, R3
  143 00000000         ;    B stop
  144 00000000         ;    
  145 00000000         ;low    MOV R4, R2
  146 00000000         ;    B stop
  147 00000000         ;    
  148 00000000         ;high   MOV R4, R3
  149 00000000         ;    ;B stop
  150 00000000         
  151 00000000         ; ;ESERCIZIO 2.2 
  152 00000000         ;    LDR R2, =0x00000100
  153 00000000         ;    LDR R3, =0x00001000
  154 00000000         ;    CMP R2, R3
  155 00000000         ;    MOVLT R4, R2
  156 00000000         ;    MOVGT R4, R3
  157 00000000         ;    LSREQ R3, R3, #1
  158 00000000         ;    ADDEQ R5, R2, R3
  159 00000000         
  160 00000000         ;ESERCIZIO 3
  161 00000000 4816            LDR              R0, =0xb1010501
  162 00000002 4917            LDR              R1, =0xb1001001
  163 00000004 F04F 0200       MOV              R2, #0      ;Hamming
  164 00000008 F04F 0500       MOV              R5, #0      ;contatore ciclo
  165 0000000C EA80 0301       EOR              R3, R0, R1
  166 00000010 F003 0401 
                       count   AND              R4, R3, #1
  167 00000014 4422            ADD              R2, R2, R4
  168 00000016 EA4F 0353       LSR              R3, R3, #1
  169 0000001A F105 0501       ADD              R5, R5, #1
  170 0000001E 2D20            CMP              R5, #32
  171 00000020 D1F6            BNE              count
  172 00000022         
  173 00000022 F002 0201       AND              R2, R2, #1
  174 00000026 2A00            CMP              R2, #0
  175 00000028 D008            BEQ              odd         ;pari
  176 0000002A         ;BNE even ;dispari
  177 0000002A         
  178 0000002A F46F 6680       LDR              R6, =0xFFFFFBFF
  179 0000002E EA00 0006       AND              R0, R0, R6
  180 00000032 F04F 0720       LDR              R7, =0x00000020
  181 00000036 EA41 0107       ORR              R1, R1, R7



ARM Macro Assembler    Page 5 


  182 0000003A E001            B                stop
  183 0000003C         
  184 0000003C F3EF 8100 
                       odd     MRS              R1, APSR
  185 00000040         
  186 00000040 F8DF A020 
                       stop    LDR              R10, =Reset_Handler
  187 00000044 4750            BX               R10
  188 00000046                 ENDP
  189 00000046         
  190 00000046         
  191 00000046         ; Dummy Exception Handlers (infinite loops which can be 
                       modified)
  192 00000046         
  193 00000046         NMI_Handler
                               PROC
  194 00000046                 EXPORT           NMI_Handler               [WEAK
]
  195 00000046 E7FE            B                .
  196 00000048                 ENDP
  198 00000048         HardFault_Handler
                               PROC
  199 00000048                 EXPORT           HardFault_Handler         [WEAK
]
  200 00000048 E7FE            B                .
  201 0000004A                 ENDP
  203 0000004A         MemManage_Handler
                               PROC
  204 0000004A                 EXPORT           MemManage_Handler         [WEAK
]
  205 0000004A E7FE            B                .
  206 0000004C                 ENDP
  208 0000004C         BusFault_Handler
                               PROC
  209 0000004C                 EXPORT           BusFault_Handler          [WEAK
]
  210 0000004C E7FE            B                .
  211 0000004E                 ENDP
  213 0000004E         UsageFault_Handler
                               PROC
  214 0000004E                 EXPORT           UsageFault_Handler        [WEAK
]
  215 0000004E E7FE            B                .
  216 00000050                 ENDP
  217 00000050         SVC_Handler
                               PROC
  218 00000050                 EXPORT           SVC_Handler               [WEAK
]
  219 00000050 E7FE            B                .
  220 00000052                 ENDP
  222 00000052         DebugMon_Handler
                               PROC
  223 00000052                 EXPORT           DebugMon_Handler          [WEAK
]
  224 00000052 E7FE            B                .
  225 00000054                 ENDP
  226 00000054         PendSV_Handler
                               PROC
  227 00000054                 EXPORT           PendSV_Handler            [WEAK



ARM Macro Assembler    Page 6 


]
  228 00000054 E7FE            B                .
  229 00000056                 ENDP
  230 00000056         SysTick_Handler
                               PROC
  231 00000056                 EXPORT           SysTick_Handler           [WEAK
]
  232 00000056 E7FE            B                .
  233 00000058                 ENDP
  234 00000058         
  235 00000058         Default_Handler
                               PROC
  236 00000058         
  237 00000058                 EXPORT           WDT_IRQHandler            [WEAK
]
  238 00000058                 EXPORT           TIMER0_IRQHandler         [WEAK
]
  239 00000058                 EXPORT           TIMER1_IRQHandler         [WEAK
]
  240 00000058                 EXPORT           TIMER2_IRQHandler         [WEAK
]
  241 00000058                 EXPORT           TIMER3_IRQHandler         [WEAK
]
  242 00000058                 EXPORT           UART0_IRQHandler          [WEAK
]
  243 00000058                 EXPORT           UART1_IRQHandler          [WEAK
]
  244 00000058                 EXPORT           UART2_IRQHandler          [WEAK
]
  245 00000058                 EXPORT           UART3_IRQHandler          [WEAK
]
  246 00000058                 EXPORT           PWM1_IRQHandler           [WEAK
]
  247 00000058                 EXPORT           I2C0_IRQHandler           [WEAK
]
  248 00000058                 EXPORT           I2C1_IRQHandler           [WEAK
]
  249 00000058                 EXPORT           I2C2_IRQHandler           [WEAK
]
  250 00000058                 EXPORT           SPI_IRQHandler            [WEAK
]
  251 00000058                 EXPORT           SSP0_IRQHandler           [WEAK
]
  252 00000058                 EXPORT           SSP1_IRQHandler           [WEAK
]
  253 00000058                 EXPORT           PLL0_IRQHandler           [WEAK
]
  254 00000058                 EXPORT           RTC_IRQHandler            [WEAK
]
  255 00000058                 EXPORT           EINT0_IRQHandler          [WEAK
]
  256 00000058                 EXPORT           EINT1_IRQHandler          [WEAK
]
  257 00000058                 EXPORT           EINT2_IRQHandler          [WEAK
]
  258 00000058                 EXPORT           EINT3_IRQHandler          [WEAK
]
  259 00000058                 EXPORT           ADC_IRQHandler            [WEAK
]



ARM Macro Assembler    Page 7 


  260 00000058                 EXPORT           BOD_IRQHandler            [WEAK
]
  261 00000058                 EXPORT           USB_IRQHandler            [WEAK
]
  262 00000058                 EXPORT           CAN_IRQHandler            [WEAK
]
  263 00000058                 EXPORT           DMA_IRQHandler            [WEAK
]
  264 00000058                 EXPORT           I2S_IRQHandler            [WEAK
]
  265 00000058                 EXPORT           ENET_IRQHandler           [WEAK
]
  266 00000058                 EXPORT           RIT_IRQHandler            [WEAK
]
  267 00000058                 EXPORT           MCPWM_IRQHandler          [WEAK
]
  268 00000058                 EXPORT           QEI_IRQHandler            [WEAK
]
  269 00000058                 EXPORT           PLL1_IRQHandler           [WEAK
]
  270 00000058                 EXPORT           USBActivity_IRQHandler    [WEAK
]
  271 00000058                 EXPORT           CANActivity_IRQHandler    [WEAK
]
  272 00000058         
  273 00000058         WDT_IRQHandler
  274 00000058         TIMER0_IRQHandler
  275 00000058         TIMER1_IRQHandler
  276 00000058         TIMER2_IRQHandler
  277 00000058         TIMER3_IRQHandler
  278 00000058         UART0_IRQHandler
  279 00000058         UART1_IRQHandler
  280 00000058         UART2_IRQHandler
  281 00000058         UART3_IRQHandler
  282 00000058         PWM1_IRQHandler
  283 00000058         I2C0_IRQHandler
  284 00000058         I2C1_IRQHandler
  285 00000058         I2C2_IRQHandler
  286 00000058         SPI_IRQHandler
  287 00000058         SSP0_IRQHandler
  288 00000058         SSP1_IRQHandler
  289 00000058         PLL0_IRQHandler
  290 00000058         RTC_IRQHandler
  291 00000058         EINT0_IRQHandler
  292 00000058         EINT1_IRQHandler
  293 00000058         EINT2_IRQHandler
  294 00000058         EINT3_IRQHandler
  295 00000058         ADC_IRQHandler
  296 00000058         BOD_IRQHandler
  297 00000058         USB_IRQHandler
  298 00000058         CAN_IRQHandler
  299 00000058         DMA_IRQHandler
  300 00000058         I2S_IRQHandler
  301 00000058         ENET_IRQHandler
  302 00000058         RIT_IRQHandler
  303 00000058         MCPWM_IRQHandler
  304 00000058         QEI_IRQHandler
  305 00000058         PLL1_IRQHandler
  306 00000058         USBActivity_IRQHandler



ARM Macro Assembler    Page 8 


  307 00000058         CANActivity_IRQHandler
  308 00000058         
  309 00000058 E7FE            B                .
  310 0000005A         
  311 0000005A                 ENDP
  312 0000005A         
  313 0000005A         
  314 0000005A 00 00           ALIGN
  315 0000005C         
  316 0000005C         
  317 0000005C         ; User Initial Stack & Heap
  318 0000005C         
  319 0000005C                 EXPORT           __initial_sp
  320 0000005C                 EXPORT           __heap_base
  321 0000005C                 EXPORT           __heap_limit
  322 0000005C         
  323 0000005C                 END
              B1010501 
              B1001001 
              00000000 
Command Line: --debug --xref --diag_suppress=9931 --cpu=Cortex-M3 --apcs=interw
ork --depend=.\startup.d -o.\startup.o -IC:\Users\loren\AppData\Local\Arm\Packs
\Keil\LPC1700_DFP\2.6.0\Device\Include --predefine="__EVAL SETA 1" --predefine=
"__UVISION_VERSION SETA 536" --predefine="LPC175x_6x SETA 1" --list=.\startup.l
st startup.s



ARM Macro Assembler    Page 1 Alphabetic symbol ordering
Relocatable symbols

STACK 00000000

Symbol: STACK
   Definitions
      At line 33 in file startup.s
   Uses
      None
Comment: STACK unused
Stack_Mem 00000000

Symbol: Stack_Mem
   Definitions
      At line 34 in file startup.s
   Uses
      None
Comment: Stack_Mem unused
__initial_sp 00000200

Symbol: __initial_sp
   Definitions
      At line 35 in file startup.s
   Uses
      At line 59 in file startup.s
      At line 319 in file startup.s

3 symbols



ARM Macro Assembler    Page 1 Alphabetic symbol ordering
Relocatable symbols

HEAP 00000000

Symbol: HEAP
   Definitions
      At line 44 in file startup.s
   Uses
      None
Comment: HEAP unused
Heap_Mem 00000000

Symbol: Heap_Mem
   Definitions
      At line 46 in file startup.s
   Uses
      None
Comment: Heap_Mem unused
__heap_base 00000000

Symbol: __heap_base
   Definitions
      At line 45 in file startup.s
   Uses
      At line 320 in file startup.s
Comment: __heap_base used once
__heap_limit 00000000

Symbol: __heap_limit
   Definitions
      At line 47 in file startup.s
   Uses
      At line 321 in file startup.s
Comment: __heap_limit used once
4 symbols



ARM Macro Assembler    Page 1 Alphabetic symbol ordering
Relocatable symbols

RESET 00000000

Symbol: RESET
   Definitions
      At line 56 in file startup.s
   Uses
      None
Comment: RESET unused
__Vectors 00000000

Symbol: __Vectors
   Definitions
      At line 59 in file startup.s
   Uses
      At line 57 in file startup.s
Comment: __Vectors used once
2 symbols



ARM Macro Assembler    Page 1 Alphabetic symbol ordering
Relocatable symbols

.ARM.__at_0x02FC 00000000

Symbol: .ARM.__at_0x02FC
   Definitions
      At line 115 in file startup.s
   Uses
      None
Comment: .ARM.__at_0x02FC unused
CRP_Key 00000000

Symbol: CRP_Key
   Definitions
      At line 116 in file startup.s
   Uses
      None
Comment: CRP_Key unused
2 symbols



ARM Macro Assembler    Page 1 Alphabetic symbol ordering
Relocatable symbols

.text 00000000

Symbol: .text
   Definitions
      At line 120 in file startup.s
   Uses
      None
Comment: .text unused
ADC_IRQHandler 00000058

Symbol: ADC_IRQHandler
   Definitions
      At line 295 in file startup.s
   Uses
      At line 99 in file startup.s
      At line 259 in file startup.s

BOD_IRQHandler 00000058

Symbol: BOD_IRQHandler
   Definitions
      At line 296 in file startup.s
   Uses
      At line 100 in file startup.s
      At line 260 in file startup.s

BusFault_Handler 0000004C

Symbol: BusFault_Handler
   Definitions
      At line 208 in file startup.s
   Uses
      At line 64 in file startup.s
      At line 209 in file startup.s

CANActivity_IRQHandler 00000058

Symbol: CANActivity_IRQHandler
   Definitions
      At line 307 in file startup.s
   Uses
      At line 111 in file startup.s
      At line 271 in file startup.s

CAN_IRQHandler 00000058

Symbol: CAN_IRQHandler
   Definitions
      At line 298 in file startup.s
   Uses
      At line 102 in file startup.s
      At line 262 in file startup.s

DMA_IRQHandler 00000058

Symbol: DMA_IRQHandler
   Definitions
      At line 299 in file startup.s
   Uses



ARM Macro Assembler    Page 2 Alphabetic symbol ordering
Relocatable symbols

      At line 103 in file startup.s
      At line 263 in file startup.s

DebugMon_Handler 00000052

Symbol: DebugMon_Handler
   Definitions
      At line 222 in file startup.s
   Uses
      At line 71 in file startup.s
      At line 223 in file startup.s

Default_Handler 00000058

Symbol: Default_Handler
   Definitions
      At line 235 in file startup.s
   Uses
      None
Comment: Default_Handler unused
EINT0_IRQHandler 00000058

Symbol: EINT0_IRQHandler
   Definitions
      At line 291 in file startup.s
   Uses
      At line 95 in file startup.s
      At line 255 in file startup.s

EINT1_IRQHandler 00000058

Symbol: EINT1_IRQHandler
   Definitions
      At line 292 in file startup.s
   Uses
      At line 96 in file startup.s
      At line 256 in file startup.s

EINT2_IRQHandler 00000058

Symbol: EINT2_IRQHandler
   Definitions
      At line 293 in file startup.s
   Uses
      At line 97 in file startup.s
      At line 257 in file startup.s

EINT3_IRQHandler 00000058

Symbol: EINT3_IRQHandler
   Definitions
      At line 294 in file startup.s
   Uses
      At line 98 in file startup.s
      At line 258 in file startup.s

ENET_IRQHandler 00000058

Symbol: ENET_IRQHandler



ARM Macro Assembler    Page 3 Alphabetic symbol ordering
Relocatable symbols

   Definitions
      At line 301 in file startup.s
   Uses
      At line 105 in file startup.s
      At line 265 in file startup.s

HardFault_Handler 00000048

Symbol: HardFault_Handler
   Definitions
      At line 198 in file startup.s
   Uses
      At line 62 in file startup.s
      At line 199 in file startup.s

I2C0_IRQHandler 00000058

Symbol: I2C0_IRQHandler
   Definitions
      At line 283 in file startup.s
   Uses
      At line 87 in file startup.s
      At line 247 in file startup.s

I2C1_IRQHandler 00000058

Symbol: I2C1_IRQHandler
   Definitions
      At line 284 in file startup.s
   Uses
      At line 88 in file startup.s
      At line 248 in file startup.s

I2C2_IRQHandler 00000058

Symbol: I2C2_IRQHandler
   Definitions
      At line 285 in file startup.s
   Uses
      At line 89 in file startup.s
      At line 249 in file startup.s

I2S_IRQHandler 00000058

Symbol: I2S_IRQHandler
   Definitions
      At line 300 in file startup.s
   Uses
      At line 104 in file startup.s
      At line 264 in file startup.s

MCPWM_IRQHandler 00000058

Symbol: MCPWM_IRQHandler
   Definitions
      At line 303 in file startup.s
   Uses
      At line 107 in file startup.s
      At line 267 in file startup.s



ARM Macro Assembler    Page 4 Alphabetic symbol ordering
Relocatable symbols


MemManage_Handler 0000004A

Symbol: MemManage_Handler
   Definitions
      At line 203 in file startup.s
   Uses
      At line 63 in file startup.s
      At line 204 in file startup.s

NMI_Handler 00000046

Symbol: NMI_Handler
   Definitions
      At line 193 in file startup.s
   Uses
      At line 61 in file startup.s
      At line 194 in file startup.s

PLL0_IRQHandler 00000058

Symbol: PLL0_IRQHandler
   Definitions
      At line 289 in file startup.s
   Uses
      At line 93 in file startup.s
      At line 253 in file startup.s

PLL1_IRQHandler 00000058

Symbol: PLL1_IRQHandler
   Definitions
      At line 305 in file startup.s
   Uses
      At line 109 in file startup.s
      At line 269 in file startup.s

PWM1_IRQHandler 00000058

Symbol: PWM1_IRQHandler
   Definitions
      At line 282 in file startup.s
   Uses
      At line 86 in file startup.s
      At line 246 in file startup.s

PendSV_Handler 00000054

Symbol: PendSV_Handler
   Definitions
      At line 226 in file startup.s
   Uses
      At line 73 in file startup.s
      At line 227 in file startup.s

QEI_IRQHandler 00000058

Symbol: QEI_IRQHandler
   Definitions



ARM Macro Assembler    Page 5 Alphabetic symbol ordering
Relocatable symbols

      At line 304 in file startup.s
   Uses
      At line 108 in file startup.s
      At line 268 in file startup.s

RIT_IRQHandler 00000058

Symbol: RIT_IRQHandler
   Definitions
      At line 302 in file startup.s
   Uses
      At line 106 in file startup.s
      At line 266 in file startup.s

RTC_IRQHandler 00000058

Symbol: RTC_IRQHandler
   Definitions
      At line 290 in file startup.s
   Uses
      At line 94 in file startup.s
      At line 254 in file startup.s

Reset_Handler 00000000

Symbol: Reset_Handler
   Definitions
      At line 125 in file startup.s
   Uses
      At line 60 in file startup.s
      At line 126 in file startup.s
      At line 186 in file startup.s

SPI_IRQHandler 00000058

Symbol: SPI_IRQHandler
   Definitions
      At line 286 in file startup.s
   Uses
      At line 90 in file startup.s
      At line 250 in file startup.s

SSP0_IRQHandler 00000058

Symbol: SSP0_IRQHandler
   Definitions
      At line 287 in file startup.s
   Uses
      At line 91 in file startup.s
      At line 251 in file startup.s

SSP1_IRQHandler 00000058

Symbol: SSP1_IRQHandler
   Definitions
      At line 288 in file startup.s
   Uses
      At line 92 in file startup.s
      At line 252 in file startup.s



ARM Macro Assembler    Page 6 Alphabetic symbol ordering
Relocatable symbols


SVC_Handler 00000050

Symbol: SVC_Handler
   Definitions
      At line 217 in file startup.s
   Uses
      At line 70 in file startup.s
      At line 218 in file startup.s

SysTick_Handler 00000056

Symbol: SysTick_Handler
   Definitions
      At line 230 in file startup.s
   Uses
      At line 74 in file startup.s
      At line 231 in file startup.s

TIMER0_IRQHandler 00000058

Symbol: TIMER0_IRQHandler
   Definitions
      At line 274 in file startup.s
   Uses
      At line 78 in file startup.s
      At line 238 in file startup.s

TIMER1_IRQHandler 00000058

Symbol: TIMER1_IRQHandler
   Definitions
      At line 275 in file startup.s
   Uses
      At line 79 in file startup.s
      At line 239 in file startup.s

TIMER2_IRQHandler 00000058

Symbol: TIMER2_IRQHandler
   Definitions
      At line 276 in file startup.s
   Uses
      At line 80 in file startup.s
      At line 240 in file startup.s

TIMER3_IRQHandler 00000058

Symbol: TIMER3_IRQHandler
   Definitions
      At line 277 in file startup.s
   Uses
      At line 81 in file startup.s
      At line 241 in file startup.s

UART0_IRQHandler 00000058

Symbol: UART0_IRQHandler
   Definitions



ARM Macro Assembler    Page 7 Alphabetic symbol ordering
Relocatable symbols

      At line 278 in file startup.s
   Uses
      At line 82 in file startup.s
      At line 242 in file startup.s

UART1_IRQHandler 00000058

Symbol: UART1_IRQHandler
   Definitions
      At line 279 in file startup.s
   Uses
      At line 83 in file startup.s
      At line 243 in file startup.s

UART2_IRQHandler 00000058

Symbol: UART2_IRQHandler
   Definitions
      At line 280 in file startup.s
   Uses
      At line 84 in file startup.s
      At line 244 in file startup.s

UART3_IRQHandler 00000058

Symbol: UART3_IRQHandler
   Definitions
      At line 281 in file startup.s
   Uses
      At line 85 in file startup.s
      At line 245 in file startup.s

USBActivity_IRQHandler 00000058

Symbol: USBActivity_IRQHandler
   Definitions
      At line 306 in file startup.s
   Uses
      At line 110 in file startup.s
      At line 270 in file startup.s

USB_IRQHandler 00000058

Symbol: USB_IRQHandler
   Definitions
      At line 297 in file startup.s
   Uses
      At line 101 in file startup.s
      At line 261 in file startup.s

UsageFault_Handler 0000004E

Symbol: UsageFault_Handler
   Definitions
      At line 213 in file startup.s
   Uses
      At line 65 in file startup.s
      At line 214 in file startup.s




ARM Macro Assembler    Page 8 Alphabetic symbol ordering
Relocatable symbols

WDT_IRQHandler 00000058

Symbol: WDT_IRQHandler
   Definitions
      At line 273 in file startup.s
   Uses
      At line 77 in file startup.s
      At line 237 in file startup.s

count 00000010

Symbol: count
   Definitions
      At line 166 in file startup.s
   Uses
      At line 171 in file startup.s
Comment: count used once
odd 0000003C

Symbol: odd
   Definitions
      At line 184 in file startup.s
   Uses
      At line 175 in file startup.s
Comment: odd used once
stop 00000040

Symbol: stop
   Definitions
      At line 186 in file startup.s
   Uses
      At line 182 in file startup.s
Comment: stop used once
50 symbols



ARM Macro Assembler    Page 1 Alphabetic symbol ordering
Absolute symbols

Heap_Size 00000000

Symbol: Heap_Size
   Definitions
      At line 42 in file startup.s
   Uses
      At line 46 in file startup.s
Comment: Heap_Size used once
Stack_Size 00000200

Symbol: Stack_Size
   Definitions
      At line 31 in file startup.s
   Uses
      At line 34 in file startup.s
Comment: Stack_Size used once
2 symbols
400 symbols in table
