


ARM Macro Assembler    Page 1 


    1 00000000         ;/******************************************************
                       ********************//**
    2 00000000         ; * @file     startup_LPC17xx.s
    3 00000000         ; * @brief    CMSIS Cortex-M3 Core Device Startup File f
                       or
    4 00000000         ; *           NXP LPC17xx Device Series
    5 00000000         ; * @version  V1.10
    6 00000000         ; * @date     06. April 2011
    7 00000000         ; *
    8 00000000         ; * @note
    9 00000000         ; * Copyright (C) 2009-2011 ARM Limited. All rights rese
                       rved.
   10 00000000         ; *
   11 00000000         ; * @par
   12 00000000         ; * ARM Limited (ARM) is supplying this software for use
                        with Cortex-M
   13 00000000         ; * processor based microcontrollers.  This file can be 
                       freely distributed
   14 00000000         ; * within development tools that are supporting such AR
                       M based processors.
   15 00000000         ; *
   16 00000000         ; * @par
   17 00000000         ; * THIS SOFTWARE IS PROVIDED "AS IS".  NO WARRANTIES, W
                       HETHER EXPRESS, IMPLIED
   18 00000000         ; * OR STATUTORY, INCLUDING, BUT NOT LIMITED TO, IMPLIED
                        WARRANTIES OF
   19 00000000         ; * MERCHANTABILITY AND FITNESS FOR A PARTICULAR PURPOSE
                        APPLY TO THIS SOFTWARE.
   20 00000000         ; * ARM SHALL NOT, IN ANY CIRCUMSTANCES, BE LIABLE FOR S
                       PECIAL, INCIDENTAL, OR
   21 00000000         ; * CONSEQUENTIAL DAMAGES, FOR ANY REASON WHATSOEVER.
   22 00000000         ; *
   23 00000000         ; ******************************************************
                       ************************/
   24 00000000         
   25 00000000         ; *------- <<< Use Configuration Wizard in Context Menu 
                       >>> ------------------
   26 00000000         
   27 00000000         ; <h> Stack Configuration
   28 00000000         ;   <o> Stack Size (in Bytes) <0x0-0xFFFFFFFF:8>
   29 00000000         ; </h>
   30 00000000         
   31 00000000 00000200 
                       Stack_Size
                               EQU              0x00000200
   32 00000000         
   33 00000000                 AREA             STACK, NOINIT, READWRITE, ALIGN
=3
   34 00000000         Stack_Mem
                               SPACE            Stack_Size
   35 00000200         __initial_sp
   36 00000200         
   37 00000200         
   38 00000200         ; <h> Heap Configuration
   39 00000200         ;   <o>  Heap Size (in Bytes) <0x0-0xFFFFFFFF:8>
   40 00000200         ; </h>
   41 00000200         
   42 00000200 00000000 
                       Heap_Size



ARM Macro Assembler    Page 2 


                               EQU              0x00000000
   43 00000200         
   44 00000200                 AREA             HEAP, NOINIT, READWRITE, ALIGN=
3
   45 00000000         __heap_base
   46 00000000         Heap_Mem
                               SPACE            Heap_Size
   47 00000000         __heap_limit
   48 00000000         
   49 00000000         
   50 00000000                 PRESERVE8
   51 00000000                 THUMB
   52 00000000         
   53 00000000         
   54 00000000         ; Vector Table Mapped to Address 0 at Reset
   55 00000000         
   56 00000000                 AREA             RESET, DATA, READONLY
   57 00000000                 EXPORT           __Vectors
   58 00000000         
   59 00000000 00000000 
                       __Vectors
                               DCD              __initial_sp ; Top of Stack
   60 00000004 00000000        DCD              Reset_Handler ; Reset Handler
   61 00000008 00000000        DCD              NMI_Handler ; NMI Handler
   62 0000000C 00000000        DCD              HardFault_Handler ; Hard Fault 
                                                            Handler
   63 00000010 00000000        DCD              MemManage_Handler 
                                                            ; MPU Fault Handler
                                                            
   64 00000014 00000000        DCD              BusFault_Handler 
                                                            ; Bus Fault Handler
                                                            
   65 00000018 00000000        DCD              UsageFault_Handler ; Usage Faul
                                                            t Handler
   66 0000001C 00000000        DCD              0           ; Reserved
   67 00000020 00000000        DCD              0           ; Reserved
   68 00000024 00000000        DCD              0           ; Reserved
   69 00000028 00000000        DCD              0           ; Reserved
   70 0000002C 00000000        DCD              SVC_Handler ; SVCall Handler
   71 00000030 00000000        DCD              DebugMon_Handler ; Debug Monito
                                                            r Handler
   72 00000034 00000000        DCD              0           ; Reserved
   73 00000038 00000000        DCD              PendSV_Handler ; PendSV Handler
                                                            
   74 0000003C 00000000        DCD              SysTick_Handler 
                                                            ; SysTick Handler
   75 00000040         
   76 00000040         ; External Interrupts
   77 00000040 00000000        DCD              WDT_IRQHandler ; 16: Watchdog T
                                                            imer
   78 00000044 00000000        DCD              TIMER0_IRQHandler ; 17: Timer0
   79 00000048 00000000        DCD              TIMER1_IRQHandler ; 18: Timer1
   80 0000004C 00000000        DCD              TIMER2_IRQHandler ; 19: Timer2
   81 00000050 00000000        DCD              TIMER3_IRQHandler ; 20: Timer3
   82 00000054 00000000        DCD              UART0_IRQHandler ; 21: UART0
   83 00000058 00000000        DCD              UART1_IRQHandler ; 22: UART1
   84 0000005C 00000000        DCD              UART2_IRQHandler ; 23: UART2
   85 00000060 00000000        DCD              UART3_IRQHandler ; 24: UART3
   86 00000064 00000000        DCD              PWM1_IRQHandler ; 25: PWM1



ARM Macro Assembler    Page 3 


   87 00000068 00000000        DCD              I2C0_IRQHandler ; 26: I2C0
   88 0000006C 00000000        DCD              I2C1_IRQHandler ; 27: I2C1
   89 00000070 00000000        DCD              I2C2_IRQHandler ; 28: I2C2
   90 00000074 00000000        DCD              SPI_IRQHandler ; 29: SPI
   91 00000078 00000000        DCD              SSP0_IRQHandler ; 30: SSP0
   92 0000007C 00000000        DCD              SSP1_IRQHandler ; 31: SSP1
   93 00000080 00000000        DCD              PLL0_IRQHandler ; 32: PLL0 Lock
                                                             (Main PLL)
   94 00000084 00000000        DCD              RTC_IRQHandler ; 33: Real Time 
                                                            Clock
   95 00000088 00000000        DCD              EINT0_IRQHandler ; 34: External
                                                             Interrupt 0
   96 0000008C 00000000        DCD              EINT1_IRQHandler ; 35: External
                                                             Interrupt 1
   97 00000090 00000000        DCD              EINT2_IRQHandler ; 36: External
                                                             Interrupt 2
   98 00000094 00000000        DCD              EINT3_IRQHandler ; 37: External
                                                             Interrupt 3
   99 00000098 00000000        DCD              ADC_IRQHandler 
                                                            ; 38: A/D Converter
                                                            
  100 0000009C 00000000        DCD              BOD_IRQHandler ; 39: Brown-Out 
                                                            Detect
  101 000000A0 00000000        DCD              USB_IRQHandler ; 40: USB
  102 000000A4 00000000        DCD              CAN_IRQHandler ; 41: CAN
  103 000000A8 00000000        DCD              DMA_IRQHandler ; 42: General Pu
                                                            rpose DMA
  104 000000AC 00000000        DCD              I2S_IRQHandler ; 43: I2S
  105 000000B0 00000000        DCD              ENET_IRQHandler ; 44: Ethernet
  106 000000B4 00000000        DCD              RIT_IRQHandler ; 45: Repetitive
                                                             Interrupt Timer
  107 000000B8 00000000        DCD              MCPWM_IRQHandler ; 46: Motor Co
                                                            ntrol PWM
  108 000000BC 00000000        DCD              QEI_IRQHandler ; 47: Quadrature
                                                             Encoder Interface
  109 000000C0 00000000        DCD              PLL1_IRQHandler ; 48: PLL1 Lock
                                                             (USB PLL)
  110 000000C4 00000000        DCD              USBActivity_IRQHandler ; 49: US
                                                            B Activity interrup
                                                            t to wakeup
  111 000000C8 00000000        DCD              CANActivity_IRQHandler ; 50: CA
                                                            N Activity interrup
                                                            t to wakeup
  112 000000CC         
  113 000000CC         
  114 000000CC                 IF               :LNOT::DEF:NO_CRP
  115 000000CC                 AREA             |.ARM.__at_0x02FC|, CODE, READO
NLY
  116 00000000 FFFFFFFF 
                       CRP_Key DCD              0xFFFFFFFF
  117 00000004                 ENDIF
  118 00000004         
  119 00000004                 AREA             myConstants, DATA, READONLY
  120 00000000         
  121 00000000 00000001 
              00000019 
              00000002 
              00000028 
              00000003 



ARM Macro Assembler    Page 4 


              00000037 
              00000004 
              00000041 
              00000005 
              00000050 Sector_prices
                               DCD              0x01, 25, 0x02, 40, 0x03, 55, 0
x04, 65, 0x05, 80
  122 00000028 00000006 
              0000006E         DCD              0x06, 110
  123 00000030         
  124 00000030 00000002 
              000000FA 
              00000005 
              000000FA 
              00000003 
              00000226 
              00000001 
              00000096 
              00000004 Sector_quantity
                               DCD              0x02, 250, 0x05, 250, 0x03, 550
, 0x01, 150, 0x04
  125 00000054 00000064 
              00000006 
              000000C8         DCD              100, 0x06, 200
  126 00000060         
  127 00000060 06      Num_sectors
                               DCB              6
  128 00000061         
  129 00000061 00 00 00 
              00000005 
              00000002 
              00000003 
              0000000A 
              00000001 
              00000078 Tickets DCD              0x05, 2, 0x03, 10, 0x01, 120
  130 0000007C         
  131 0000007C 00000003 
                       Ticket_requests
                               DCD              3
  132 00000080         
  133 00000080                 AREA             myVariables, DATA, READWRITE
  134 00000000         
  135 00000000 00 00 00 
              00 00 00 
              00 00 00 
              00 00 00 
              00 00 00 
              00 00 00 
              00 00 00 
              00 00 00 
              00 00 00 
              00 00 00 
              00 00 00 
              00 00 00 
              00 00 00 
              00 00 00 
              00 00 00 
              00 00 00 Sector_q_rw
                               SPACE            48



ARM Macro Assembler    Page 5 


  136 00000030         
  137 00000030 00000000 
                       total_tickets
                               DCD              0
  138 00000034         
  139 00000034                 AREA             |.text|, CODE, READONLY
  140 00000000         
  141 00000000         ; Reset Handler
  142 00000000         
  143 00000000         Reset_Handler
                               PROC
  144 00000000                 EXPORT           Reset_Handler             [WEAK
]
  145 00000000 4836            LDR              R0, =Reset_Handler
  146 00000002         
  147 00000002         ;CARICO VALORI IN AREA READWRITE
  148 00000002 F04F 0100       MOV              R1, #0      ; contatore
  149 00000006 4A36            LDR              R2, =Sector_quantity
  150 00000008 4B36            LDR              R3, =Sector_q_rw
  151 0000000A 4D37            LDR              R5, =Num_sectors
  152 0000000C 782D            LDRB             R5, [R5]
  153 0000000E EA4F 0545       LSL              R5, R5, #1
  154 00000012         
  155 00000012 F852 4B04 
                       loop_load
                               LDR              R4, [R2], #4
  156 00000016 F843 4B04       STR              R4, [R3], #4
  157 0000001A F101 0101       ADD              R1, R1, #1
  158 0000001E 42A9            CMP              R1, R5
  159 00000020 D1F7            BNE              loop_load
  160 00000022         
  161 00000022 F04F 0100       MOV              R1, #0      ; contatore esterno
                                                            
  162 00000026 4E31            LDR              R6, =Ticket_requests
  163 00000028 7836            LDRB             R6, [R6]
  164 0000002A         
  165 0000002A         ;CICLO DI VERIFICA (R7 -> R10 usati per confronto valori
                       , , R11, R12 indirizzi)
  166 0000002A F8DF B0C4       LDR              R11, =Tickets
  167 0000002E F85B 7B04 
                       ver_esterno
                               LDR              R7, [R11], #4 ; settore_t
  168 00000032 F85B 8B04       LDR              R8, [R11], #4 ; quantità_t
  169 00000036 F101 0101       ADD              R1, R1, #1
  170 0000003A         
  171 0000003A F8DF C0A8       LDR              R12, =Sector_q_rw
  172 0000003E F85C 9B04 
                       ver_interno
                               LDR              R9, [R12], #4 ; settore
  173 00000042 F85C AB04       LDR              R10, [R12], #4 ; quantità
  174 00000046 454F            CMP              R7, R9
  175 00000048 D1F9            BNE              ver_interno
  176 0000004A 45D0            CMP              R8, R10
  177 0000004C DC35            BGT              error_quantity
  178 0000004E 42B1            CMP              R1, R6
  179 00000050 D1ED            BNE              ver_esterno
  180 00000052         
  181 00000052         ;CICLO UPDATE
  182 00000052 F04F 0100       MOV              R1, #0      ; contatore esterno



ARM Macro Assembler    Page 6 


                                                            
  183 00000056 F04F 0200       MOV              R2, #0      ; totale prezzo big
                                                            lietti
  184 0000005A F04F 0300       MOV              R3, #0      ; totale biglietti
  185 0000005E 4E23            LDR              R6, =Ticket_requests
  186 00000060 7836            LDRB             R6, [R6]
  187 00000062         
  188 00000062 F8DF B08C       LDR              R11, =Tickets
  189 00000066 F85B 7B04 
                       up_esterno
                               LDR              R7, [R11], #4 ; settore_t
  190 0000006A F85B 8B04       LDR              R8, [R11], #4 ; quantità_t
  191 0000006E F101 0101       ADD              R1, R1, #1
  192 00000072         
  193 00000072 F8DF C070       LDR              R12, =Sector_q_rw
  194 00000076 F85C 9B04 
                       up_quantity
                               LDR              R9, [R12], #4 ; settore
  195 0000007A F85C AB04       LDR              R10, [R12], #4 ; quantità
  196 0000007E 454F            CMP              R7, R9
  197 00000080 D1F9            BNE              up_quantity
  198 00000082 EBAA 0A08       SUB              R10, R10, R8
  199 00000086 F1AC 0C04       SUB              R12, R12, #4
  200 0000008A F84C AB04       STR              R10, [R12], #4
  201 0000008E         
  202 0000008E F8DF C064       LDR              R12, =Sector_prices
  203 00000092 F85C 9B04 
                       up_total
                               LDR              R9, [R12], #4 ; settore  
  204 00000096 F85C AB04       LDR              R10, [R12], #4 ; prezzo
  205 0000009A 454F            CMP              R7, R9
  206 0000009C D1F9            BNE              up_total
  207 0000009E FB08 F40A       MUL              R4, R8, R10 ; ticket*price
  208 000000A2 4422            ADD              R2, R2, R4  ; parziale prezzo
  209 000000A4 4443            ADD              R3, R3, R8  ; totale biglietti
  210 000000A6 42B1            CMP              R1, R6
  211 000000A8 D1DD            BNE              up_esterno
  212 000000AA         
  213 000000AA 2B0A            CMP              R3, #10
  214 000000AC DC02            BGT              black_friday
  215 000000AE         
  216 000000AE 4C12    store_total
                               LDR              R4, =total_tickets
  217 000000B0 6022            STR              R2, [R4]
  218 000000B2 E007            B                stop
  219 000000B4         
  220 000000B4 EA4F 0252 
                       black_friday
                               LSR              R2, R2, #1
  221 000000B8 E7F9            B                store_total
  222 000000BA         
  223 000000BA F04F 0200 
                       error_quantity
                               MOV              R2, #0
  224 000000BE F04F 0B01       MOV              R11, #0x01
  225 000000C2 E7F4            B                store_total
  226 000000C4         
  227 000000C4 4700    stop    BX               R0
  228 000000C6                 ENDP



ARM Macro Assembler    Page 7 


  229 000000C6         
  230 000000C6         
  231 000000C6         ; Dummy Exception Handlers (infinite loops which can be 
                       modified)
  232 000000C6         
  233 000000C6         NMI_Handler
                               PROC
  234 000000C6                 EXPORT           NMI_Handler               [WEAK
]
  235 000000C6 E7FE            B                .
  236 000000C8                 ENDP
  238 000000C8         HardFault_Handler
                               PROC
  239 000000C8                 EXPORT           HardFault_Handler         [WEAK
]
  240 000000C8 E7FE            B                .
  241 000000CA                 ENDP
  243 000000CA         MemManage_Handler
                               PROC
  244 000000CA                 EXPORT           MemManage_Handler         [WEAK
]
  245 000000CA E7FE            B                .
  246 000000CC                 ENDP
  248 000000CC         BusFault_Handler
                               PROC
  249 000000CC                 EXPORT           BusFault_Handler          [WEAK
]
  250 000000CC E7FE            B                .
  251 000000CE                 ENDP
  253 000000CE         UsageFault_Handler
                               PROC
  254 000000CE                 EXPORT           UsageFault_Handler        [WEAK
]
  255 000000CE E7FE            B                .
  256 000000D0                 ENDP
  257 000000D0         SVC_Handler
                               PROC
  258 000000D0                 EXPORT           SVC_Handler               [WEAK
]
  259 000000D0 E7FE            B                .
  260 000000D2                 ENDP
  262 000000D2         DebugMon_Handler
                               PROC
  263 000000D2                 EXPORT           DebugMon_Handler          [WEAK
]
  264 000000D2 E7FE            B                .
  265 000000D4                 ENDP
  266 000000D4         PendSV_Handler
                               PROC
  267 000000D4                 EXPORT           PendSV_Handler            [WEAK
]
  268 000000D4 E7FE            B                .
  269 000000D6                 ENDP
  270 000000D6         SysTick_Handler
                               PROC
  271 000000D6                 EXPORT           SysTick_Handler           [WEAK
]
  272 000000D6 E7FE            B                .
  273 000000D8                 ENDP



ARM Macro Assembler    Page 8 


  274 000000D8         
  275 000000D8         Default_Handler
                               PROC
  276 000000D8         
  277 000000D8                 EXPORT           WDT_IRQHandler            [WEAK
]
  278 000000D8                 EXPORT           TIMER0_IRQHandler         [WEAK
]
  279 000000D8                 EXPORT           TIMER1_IRQHandler         [WEAK
]
  280 000000D8                 EXPORT           TIMER2_IRQHandler         [WEAK
]
  281 000000D8                 EXPORT           TIMER3_IRQHandler         [WEAK
]
  282 000000D8                 EXPORT           UART0_IRQHandler          [WEAK
]
  283 000000D8                 EXPORT           UART1_IRQHandler          [WEAK
]
  284 000000D8                 EXPORT           UART2_IRQHandler          [WEAK
]
  285 000000D8                 EXPORT           UART3_IRQHandler          [WEAK
]
  286 000000D8                 EXPORT           PWM1_IRQHandler           [WEAK
]
  287 000000D8                 EXPORT           I2C0_IRQHandler           [WEAK
]
  288 000000D8                 EXPORT           I2C1_IRQHandler           [WEAK
]
  289 000000D8                 EXPORT           I2C2_IRQHandler           [WEAK
]
  290 000000D8                 EXPORT           SPI_IRQHandler            [WEAK
]
  291 000000D8                 EXPORT           SSP0_IRQHandler           [WEAK
]
  292 000000D8                 EXPORT           SSP1_IRQHandler           [WEAK
]
  293 000000D8                 EXPORT           PLL0_IRQHandler           [WEAK
]
  294 000000D8                 EXPORT           RTC_IRQHandler            [WEAK
]
  295 000000D8                 EXPORT           EINT0_IRQHandler          [WEAK
]
  296 000000D8                 EXPORT           EINT1_IRQHandler          [WEAK
]
  297 000000D8                 EXPORT           EINT2_IRQHandler          [WEAK
]
  298 000000D8                 EXPORT           EINT3_IRQHandler          [WEAK
]
  299 000000D8                 EXPORT           ADC_IRQHandler            [WEAK
]
  300 000000D8                 EXPORT           BOD_IRQHandler            [WEAK
]
  301 000000D8                 EXPORT           USB_IRQHandler            [WEAK
]
  302 000000D8                 EXPORT           CAN_IRQHandler            [WEAK
]
  303 000000D8                 EXPORT           DMA_IRQHandler            [WEAK
]
  304 000000D8                 EXPORT           I2S_IRQHandler            [WEAK



ARM Macro Assembler    Page 9 


]
  305 000000D8                 EXPORT           ENET_IRQHandler           [WEAK
]
  306 000000D8                 EXPORT           RIT_IRQHandler            [WEAK
]
  307 000000D8                 EXPORT           MCPWM_IRQHandler          [WEAK
]
  308 000000D8                 EXPORT           QEI_IRQHandler            [WEAK
]
  309 000000D8                 EXPORT           PLL1_IRQHandler           [WEAK
]
  310 000000D8                 EXPORT           USBActivity_IRQHandler    [WEAK
]
  311 000000D8                 EXPORT           CANActivity_IRQHandler    [WEAK
]
  312 000000D8         
  313 000000D8         WDT_IRQHandler
  314 000000D8         TIMER0_IRQHandler
  315 000000D8         TIMER1_IRQHandler
  316 000000D8         TIMER2_IRQHandler
  317 000000D8         TIMER3_IRQHandler
  318 000000D8         UART0_IRQHandler
  319 000000D8         UART1_IRQHandler
  320 000000D8         UART2_IRQHandler
  321 000000D8         UART3_IRQHandler
  322 000000D8         PWM1_IRQHandler
  323 000000D8         I2C0_IRQHandler
  324 000000D8         I2C1_IRQHandler
  325 000000D8         I2C2_IRQHandler
  326 000000D8         SPI_IRQHandler
  327 000000D8         SSP0_IRQHandler
  328 000000D8         SSP1_IRQHandler
  329 000000D8         PLL0_IRQHandler
  330 000000D8         RTC_IRQHandler
  331 000000D8         EINT0_IRQHandler
  332 000000D8         EINT1_IRQHandler
  333 000000D8         EINT2_IRQHandler
  334 000000D8         EINT3_IRQHandler
  335 000000D8         ADC_IRQHandler
  336 000000D8         BOD_IRQHandler
  337 000000D8         USB_IRQHandler
  338 000000D8         CAN_IRQHandler
  339 000000D8         DMA_IRQHandler
  340 000000D8         I2S_IRQHandler
  341 000000D8         ENET_IRQHandler
  342 000000D8         RIT_IRQHandler
  343 000000D8         MCPWM_IRQHandler
  344 000000D8         QEI_IRQHandler
  345 000000D8         PLL1_IRQHandler
  346 000000D8         USBActivity_IRQHandler
  347 000000D8         CANActivity_IRQHandler
  348 000000D8         
  349 000000D8 E7FE            B                .
  350 000000DA         
  351 000000DA                 ENDP
  352 000000DA         
  353 000000DA         
  354 000000DA 00 00           ALIGN
  355 000000DC         



ARM Macro Assembler    Page 10 


  356 000000DC         
  357 000000DC         ; User Initial Stack & Heap
  358 000000DC         
  359 000000DC                 EXPORT           __initial_sp
  360 000000DC                 EXPORT           __heap_base
  361 000000DC                 EXPORT           __heap_limit
  362 000000DC         
  363 000000DC                 END
              00000000 
              00000000 
              00000000 
              00000000 
              00000000 
              00000000 
              00000000 
              00000000 
Command Line: --debug --xref --diag_suppress=9931 --cpu=Cortex-M3 --apcs=interw
ork --depend=.\startup.d -o.\startup.o -I.\RTE\_Target_1 -IC:\Users\loren\AppDa
ta\Local\Arm\Packs\ARM\CMSIS\5.8.0\CMSIS\Core\Include -IC:\Users\loren\AppData\
Local\Arm\Packs\Keil\LPC1700_DFP\2.6.0\Device\Include --predefine="__EVAL SETA 
1" --predefine="__UVISION_VERSION SETA 536" --predefine="_RTE_ SETA 1" --predef
ine="LPC175x_6x SETA 1" --predefine="_RTE_ SETA 1" --list=.\startup.lst startup
.s



ARM Macro Assembler    Page 1 Alphabetic symbol ordering
Relocatable symbols

STACK 00000000

Symbol: STACK
   Definitions
      At line 33 in file startup.s
   Uses
      None
Comment: STACK unused
Stack_Mem 00000000

Symbol: Stack_Mem
   Definitions
      At line 34 in file startup.s
   Uses
      None
Comment: Stack_Mem unused
__initial_sp 00000200

Symbol: __initial_sp
   Definitions
      At line 35 in file startup.s
   Uses
      At line 59 in file startup.s
      At line 359 in file startup.s

3 symbols



ARM Macro Assembler    Page 1 Alphabetic symbol ordering
Relocatable symbols

HEAP 00000000

Symbol: HEAP
   Definitions
      At line 44 in file startup.s
   Uses
      None
Comment: HEAP unused
Heap_Mem 00000000

Symbol: Heap_Mem
   Definitions
      At line 46 in file startup.s
   Uses
      None
Comment: Heap_Mem unused
__heap_base 00000000

Symbol: __heap_base
   Definitions
      At line 45 in file startup.s
   Uses
      At line 360 in file startup.s
Comment: __heap_base used once
__heap_limit 00000000

Symbol: __heap_limit
   Definitions
      At line 47 in file startup.s
   Uses
      At line 361 in file startup.s
Comment: __heap_limit used once
4 symbols



ARM Macro Assembler    Page 1 Alphabetic symbol ordering
Relocatable symbols

RESET 00000000

Symbol: RESET
   Definitions
      At line 56 in file startup.s
   Uses
      None
Comment: RESET unused
__Vectors 00000000

Symbol: __Vectors
   Definitions
      At line 59 in file startup.s
   Uses
      At line 57 in file startup.s
Comment: __Vectors used once
2 symbols



ARM Macro Assembler    Page 1 Alphabetic symbol ordering
Relocatable symbols

.ARM.__at_0x02FC 00000000

Symbol: .ARM.__at_0x02FC
   Definitions
      At line 115 in file startup.s
   Uses
      None
Comment: .ARM.__at_0x02FC unused
CRP_Key 00000000

Symbol: CRP_Key
   Definitions
      At line 116 in file startup.s
   Uses
      None
Comment: CRP_Key unused
2 symbols



ARM Macro Assembler    Page 1 Alphabetic symbol ordering
Relocatable symbols

Num_sectors 00000060

Symbol: Num_sectors
   Definitions
      At line 127 in file startup.s
   Uses
      At line 151 in file startup.s
Comment: Num_sectors used once
Sector_prices 00000000

Symbol: Sector_prices
   Definitions
      At line 121 in file startup.s
   Uses
      At line 202 in file startup.s
Comment: Sector_prices used once
Sector_quantity 00000030

Symbol: Sector_quantity
   Definitions
      At line 124 in file startup.s
   Uses
      At line 149 in file startup.s
Comment: Sector_quantity used once
Ticket_requests 0000007C

Symbol: Ticket_requests
   Definitions
      At line 131 in file startup.s
   Uses
      At line 162 in file startup.s
      At line 185 in file startup.s

Tickets 00000064

Symbol: Tickets
   Definitions
      At line 129 in file startup.s
   Uses
      At line 166 in file startup.s
      At line 188 in file startup.s

myConstants 00000000

Symbol: myConstants
   Definitions
      At line 119 in file startup.s
   Uses
      None
Comment: myConstants unused
6 symbols



ARM Macro Assembler    Page 1 Alphabetic symbol ordering
Relocatable symbols

Sector_q_rw 00000000

Symbol: Sector_q_rw
   Definitions
      At line 135 in file startup.s
   Uses
      At line 150 in file startup.s
      At line 171 in file startup.s
      At line 193 in file startup.s

myVariables 00000000

Symbol: myVariables
   Definitions
      At line 133 in file startup.s
   Uses
      None
Comment: myVariables unused
total_tickets 00000030

Symbol: total_tickets
   Definitions
      At line 137 in file startup.s
   Uses
      At line 216 in file startup.s
Comment: total_tickets used once
3 symbols



ARM Macro Assembler    Page 1 Alphabetic symbol ordering
Relocatable symbols

.text 00000000

Symbol: .text
   Definitions
      At line 139 in file startup.s
   Uses
      None
Comment: .text unused
ADC_IRQHandler 000000D8

Symbol: ADC_IRQHandler
   Definitions
      At line 335 in file startup.s
   Uses
      At line 99 in file startup.s
      At line 299 in file startup.s

BOD_IRQHandler 000000D8

Symbol: BOD_IRQHandler
   Definitions
      At line 336 in file startup.s
   Uses
      At line 100 in file startup.s
      At line 300 in file startup.s

BusFault_Handler 000000CC

Symbol: BusFault_Handler
   Definitions
      At line 248 in file startup.s
   Uses
      At line 64 in file startup.s
      At line 249 in file startup.s

CANActivity_IRQHandler 000000D8

Symbol: CANActivity_IRQHandler
   Definitions
      At line 347 in file startup.s
   Uses
      At line 111 in file startup.s
      At line 311 in file startup.s

CAN_IRQHandler 000000D8

Symbol: CAN_IRQHandler
   Definitions
      At line 338 in file startup.s
   Uses
      At line 102 in file startup.s
      At line 302 in file startup.s

DMA_IRQHandler 000000D8

Symbol: DMA_IRQHandler
   Definitions
      At line 339 in file startup.s
   Uses



ARM Macro Assembler    Page 2 Alphabetic symbol ordering
Relocatable symbols

      At line 103 in file startup.s
      At line 303 in file startup.s

DebugMon_Handler 000000D2

Symbol: DebugMon_Handler
   Definitions
      At line 262 in file startup.s
   Uses
      At line 71 in file startup.s
      At line 263 in file startup.s

Default_Handler 000000D8

Symbol: Default_Handler
   Definitions
      At line 275 in file startup.s
   Uses
      None
Comment: Default_Handler unused
EINT0_IRQHandler 000000D8

Symbol: EINT0_IRQHandler
   Definitions
      At line 331 in file startup.s
   Uses
      At line 95 in file startup.s
      At line 295 in file startup.s

EINT1_IRQHandler 000000D8

Symbol: EINT1_IRQHandler
   Definitions
      At line 332 in file startup.s
   Uses
      At line 96 in file startup.s
      At line 296 in file startup.s

EINT2_IRQHandler 000000D8

Symbol: EINT2_IRQHandler
   Definitions
      At line 333 in file startup.s
   Uses
      At line 97 in file startup.s
      At line 297 in file startup.s

EINT3_IRQHandler 000000D8

Symbol: EINT3_IRQHandler
   Definitions
      At line 334 in file startup.s
   Uses
      At line 98 in file startup.s
      At line 298 in file startup.s

ENET_IRQHandler 000000D8

Symbol: ENET_IRQHandler



ARM Macro Assembler    Page 3 Alphabetic symbol ordering
Relocatable symbols

   Definitions
      At line 341 in file startup.s
   Uses
      At line 105 in file startup.s
      At line 305 in file startup.s

HardFault_Handler 000000C8

Symbol: HardFault_Handler
   Definitions
      At line 238 in file startup.s
   Uses
      At line 62 in file startup.s
      At line 239 in file startup.s

I2C0_IRQHandler 000000D8

Symbol: I2C0_IRQHandler
   Definitions
      At line 323 in file startup.s
   Uses
      At line 87 in file startup.s
      At line 287 in file startup.s

I2C1_IRQHandler 000000D8

Symbol: I2C1_IRQHandler
   Definitions
      At line 324 in file startup.s
   Uses
      At line 88 in file startup.s
      At line 288 in file startup.s

I2C2_IRQHandler 000000D8

Symbol: I2C2_IRQHandler
   Definitions
      At line 325 in file startup.s
   Uses
      At line 89 in file startup.s
      At line 289 in file startup.s

I2S_IRQHandler 000000D8

Symbol: I2S_IRQHandler
   Definitions
      At line 340 in file startup.s
   Uses
      At line 104 in file startup.s
      At line 304 in file startup.s

MCPWM_IRQHandler 000000D8

Symbol: MCPWM_IRQHandler
   Definitions
      At line 343 in file startup.s
   Uses
      At line 107 in file startup.s
      At line 307 in file startup.s



ARM Macro Assembler    Page 4 Alphabetic symbol ordering
Relocatable symbols


MemManage_Handler 000000CA

Symbol: MemManage_Handler
   Definitions
      At line 243 in file startup.s
   Uses
      At line 63 in file startup.s
      At line 244 in file startup.s

NMI_Handler 000000C6

Symbol: NMI_Handler
   Definitions
      At line 233 in file startup.s
   Uses
      At line 61 in file startup.s
      At line 234 in file startup.s

PLL0_IRQHandler 000000D8

Symbol: PLL0_IRQHandler
   Definitions
      At line 329 in file startup.s
   Uses
      At line 93 in file startup.s
      At line 293 in file startup.s

PLL1_IRQHandler 000000D8

Symbol: PLL1_IRQHandler
   Definitions
      At line 345 in file startup.s
   Uses
      At line 109 in file startup.s
      At line 309 in file startup.s

PWM1_IRQHandler 000000D8

Symbol: PWM1_IRQHandler
   Definitions
      At line 322 in file startup.s
   Uses
      At line 86 in file startup.s
      At line 286 in file startup.s

PendSV_Handler 000000D4

Symbol: PendSV_Handler
   Definitions
      At line 266 in file startup.s
   Uses
      At line 73 in file startup.s
      At line 267 in file startup.s

QEI_IRQHandler 000000D8

Symbol: QEI_IRQHandler
   Definitions



ARM Macro Assembler    Page 5 Alphabetic symbol ordering
Relocatable symbols

      At line 344 in file startup.s
   Uses
      At line 108 in file startup.s
      At line 308 in file startup.s

RIT_IRQHandler 000000D8

Symbol: RIT_IRQHandler
   Definitions
      At line 342 in file startup.s
   Uses
      At line 106 in file startup.s
      At line 306 in file startup.s

RTC_IRQHandler 000000D8

Symbol: RTC_IRQHandler
   Definitions
      At line 330 in file startup.s
   Uses
      At line 94 in file startup.s
      At line 294 in file startup.s

Reset_Handler 00000000

Symbol: Reset_Handler
   Definitions
      At line 143 in file startup.s
   Uses
      At line 60 in file startup.s
      At line 144 in file startup.s
      At line 145 in file startup.s

SPI_IRQHandler 000000D8

Symbol: SPI_IRQHandler
   Definitions
      At line 326 in file startup.s
   Uses
      At line 90 in file startup.s
      At line 290 in file startup.s

SSP0_IRQHandler 000000D8

Symbol: SSP0_IRQHandler
   Definitions
      At line 327 in file startup.s
   Uses
      At line 91 in file startup.s
      At line 291 in file startup.s

SSP1_IRQHandler 000000D8

Symbol: SSP1_IRQHandler
   Definitions
      At line 328 in file startup.s
   Uses
      At line 92 in file startup.s
      At line 292 in file startup.s



ARM Macro Assembler    Page 6 Alphabetic symbol ordering
Relocatable symbols


SVC_Handler 000000D0

Symbol: SVC_Handler
   Definitions
      At line 257 in file startup.s
   Uses
      At line 70 in file startup.s
      At line 258 in file startup.s

SysTick_Handler 000000D6

Symbol: SysTick_Handler
   Definitions
      At line 270 in file startup.s
   Uses
      At line 74 in file startup.s
      At line 271 in file startup.s

TIMER0_IRQHandler 000000D8

Symbol: TIMER0_IRQHandler
   Definitions
      At line 314 in file startup.s
   Uses
      At line 78 in file startup.s
      At line 278 in file startup.s

TIMER1_IRQHandler 000000D8

Symbol: TIMER1_IRQHandler
   Definitions
      At line 315 in file startup.s
   Uses
      At line 79 in file startup.s
      At line 279 in file startup.s

TIMER2_IRQHandler 000000D8

Symbol: TIMER2_IRQHandler
   Definitions
      At line 316 in file startup.s
   Uses
      At line 80 in file startup.s
      At line 280 in file startup.s

TIMER3_IRQHandler 000000D8

Symbol: TIMER3_IRQHandler
   Definitions
      At line 317 in file startup.s
   Uses
      At line 81 in file startup.s
      At line 281 in file startup.s

UART0_IRQHandler 000000D8

Symbol: UART0_IRQHandler
   Definitions



ARM Macro Assembler    Page 7 Alphabetic symbol ordering
Relocatable symbols

      At line 318 in file startup.s
   Uses
      At line 82 in file startup.s
      At line 282 in file startup.s

UART1_IRQHandler 000000D8

Symbol: UART1_IRQHandler
   Definitions
      At line 319 in file startup.s
   Uses
      At line 83 in file startup.s
      At line 283 in file startup.s

UART2_IRQHandler 000000D8

Symbol: UART2_IRQHandler
   Definitions
      At line 320 in file startup.s
   Uses
      At line 84 in file startup.s
      At line 284 in file startup.s

UART3_IRQHandler 000000D8

Symbol: UART3_IRQHandler
   Definitions
      At line 321 in file startup.s
   Uses
      At line 85 in file startup.s
      At line 285 in file startup.s

USBActivity_IRQHandler 000000D8

Symbol: USBActivity_IRQHandler
   Definitions
      At line 346 in file startup.s
   Uses
      At line 110 in file startup.s
      At line 310 in file startup.s

USB_IRQHandler 000000D8

Symbol: USB_IRQHandler
   Definitions
      At line 337 in file startup.s
   Uses
      At line 101 in file startup.s
      At line 301 in file startup.s

UsageFault_Handler 000000CE

Symbol: UsageFault_Handler
   Definitions
      At line 253 in file startup.s
   Uses
      At line 65 in file startup.s
      At line 254 in file startup.s




ARM Macro Assembler    Page 8 Alphabetic symbol ordering
Relocatable symbols

WDT_IRQHandler 000000D8

Symbol: WDT_IRQHandler
   Definitions
      At line 313 in file startup.s
   Uses
      At line 77 in file startup.s
      At line 277 in file startup.s

black_friday 000000B4

Symbol: black_friday
   Definitions
      At line 220 in file startup.s
   Uses
      At line 214 in file startup.s
Comment: black_friday used once
error_quantity 000000BA

Symbol: error_quantity
   Definitions
      At line 223 in file startup.s
   Uses
      At line 177 in file startup.s
Comment: error_quantity used once
loop_load 00000012

Symbol: loop_load
   Definitions
      At line 155 in file startup.s
   Uses
      At line 159 in file startup.s
Comment: loop_load used once
stop 000000C4

Symbol: stop
   Definitions
      At line 227 in file startup.s
   Uses
      At line 218 in file startup.s
Comment: stop used once
store_total 000000AE

Symbol: store_total
   Definitions
      At line 216 in file startup.s
   Uses
      At line 221 in file startup.s
      At line 225 in file startup.s

up_esterno 00000066

Symbol: up_esterno
   Definitions
      At line 189 in file startup.s
   Uses
      At line 211 in file startup.s
Comment: up_esterno used once
up_quantity 00000076



ARM Macro Assembler    Page 9 Alphabetic symbol ordering
Relocatable symbols


Symbol: up_quantity
   Definitions
      At line 194 in file startup.s
   Uses
      At line 197 in file startup.s
Comment: up_quantity used once
up_total 00000092

Symbol: up_total
   Definitions
      At line 203 in file startup.s
   Uses
      At line 206 in file startup.s
Comment: up_total used once
ver_esterno 0000002E

Symbol: ver_esterno
   Definitions
      At line 167 in file startup.s
   Uses
      At line 179 in file startup.s
Comment: ver_esterno used once
ver_interno 0000003E

Symbol: ver_interno
   Definitions
      At line 172 in file startup.s
   Uses
      At line 175 in file startup.s
Comment: ver_interno used once
57 symbols



ARM Macro Assembler    Page 1 Alphabetic symbol ordering
Absolute symbols

Heap_Size 00000000

Symbol: Heap_Size
   Definitions
      At line 42 in file startup.s
   Uses
      At line 46 in file startup.s
Comment: Heap_Size used once
Stack_Size 00000200

Symbol: Stack_Size
   Definitions
      At line 31 in file startup.s
   Uses
      At line 34 in file startup.s
Comment: Stack_Size used once
2 symbols
417 symbols in table
